  db.c
c:\users\ryein\onedrive\desktop\github\module_contact_eniac\ex1\db.c(5): warning C4996: 'fopen': This function or variable may be unsafe. Consider using fopen_s instead. To disable deprecation, use _CRT_SECURE_NO_WARNINGS. See online help for details.
  c:\program files (x86)\windows kits\10\include\10.0.17763.0\ucrt\stdio.h(208): note: 'fopen' 선언을 참조하십시오.
c:\users\ryein\onedrive\desktop\github\module_contact_eniac\ex1\db.c(17): warning C4996: 'fopen': This function or variable may be unsafe. Consider using fopen_s instead. To disable deprecation, use _CRT_SECURE_NO_WARNINGS. See online help for details.
  c:\program files (x86)\windows kits\10\include\10.0.17763.0\ucrt\stdio.h(208): note: 'fopen' 선언을 참조하십시오.
c:\users\ryein\onedrive\desktop\github\module_contact_eniac\ex1\db.c(22): warning C4996: 'fscanf': This function or variable may be unsafe. Consider using fscanf_s instead. To disable deprecation, use _CRT_SECURE_NO_WARNINGS. See online help for details.
  c:\program files (x86)\windows kits\10\include\10.0.17763.0\ucrt\stdio.h(1197): note: 'fscanf' 선언을 참조하십시오.
c:\users\ryein\onedrive\desktop\github\module_contact_eniac\ex1\db.c(12): warning C4101: 'strTemp' :참조되지 않은 지역 변수입니다.
c:\users\ryein\onedrive\desktop\github\module_contact_eniac\ex1\db.c(13): warning C4101: 'pStr' :참조되지 않은 지역 변수입니다.
c:\users\ryein\onedrive\desktop\github\module_contact_eniac\ex1\db.c(45): warning C4133: '함수': 'char [20]'과(와) 'C_DATA *' 사이의 형식이 호환되지 않습니다.
c:\users\ryein\onedrive\desktop\github\module_contact_eniac\ex1\db.c(45): warning C4020: 'filesave': 실제 매개 변수가 너무 많습니다.
c:\users\ryein\onedrive\desktop\github\module_contact_eniac\ex1\db.c(36): warning C4996: 'scanf': This function or variable may be unsafe. Consider using scanf_s instead. To disable deprecation, use _CRT_SECURE_NO_WARNINGS. See online help for details.
  c:\program files (x86)\windows kits\10\include\10.0.17763.0\ucrt\stdio.h(1274): note: 'scanf' 선언을 참조하십시오.
c:\users\ryein\onedrive\desktop\github\module_contact_eniac\ex1\db.c(39): warning C4996: 'scanf': This function or variable may be unsafe. Consider using scanf_s instead. To disable deprecation, use _CRT_SECURE_NO_WARNINGS. See online help for details.
  c:\program files (x86)\windows kits\10\include\10.0.17763.0\ucrt\stdio.h(1274): note: 'scanf' 선언을 참조하십시오.
c:\users\ryein\onedrive\desktop\github\module_contact_eniac\ex1\db.c(43): warning C4996: 'scanf': This function or variable may be unsafe. Consider using scanf_s instead. To disable deprecation, use _CRT_SECURE_NO_WARNINGS. See online help for details.
  c:\program files (x86)\windows kits\10\include\10.0.17763.0\ucrt\stdio.h(1274): note: 'scanf' 선언을 참조하십시오.
c:\users\ryein\onedrive\desktop\github\module_contact_eniac\ex1\db.c(54): warning C4996: 'fopen': This function or variable may be unsafe. Consider using fopen_s instead. To disable deprecation, use _CRT_SECURE_NO_WARNINGS. See online help for details.
  c:\program files (x86)\windows kits\10\include\10.0.17763.0\ucrt\stdio.h(208): note: 'fopen' 선언을 참조하십시오.
c:\users\ryein\onedrive\desktop\github\module_contact_eniac\ex1\db.c(57): warning C4996: 'fscanf': This function or variable may be unsafe. Consider using fscanf_s instead. To disable deprecation, use _CRT_SECURE_NO_WARNINGS. See online help for details.
  c:\program files (x86)\windows kits\10\include\10.0.17763.0\ucrt\stdio.h(1197): note: 'fscanf' 선언을 참조하십시오.
c:\users\ryein\onedrive\desktop\github\module_contact_eniac\ex1\db.c(60): warning C4996: 'scanf': This function or variable may be unsafe. Consider using scanf_s instead. To disable deprecation, use _CRT_SECURE_NO_WARNINGS. See online help for details.
  c:\program files (x86)\windows kits\10\include\10.0.17763.0\ucrt\stdio.h(1274): note: 'scanf' 선언을 참조하십시오.
c:\users\ryein\onedrive\desktop\github\module_contact_eniac\ex1\db.c(76): warning C4996: 'fopen': This function or variable may be unsafe. Consider using fopen_s instead. To disable deprecation, use _CRT_SECURE_NO_WARNINGS. See online help for details.
  c:\program files (x86)\windows kits\10\include\10.0.17763.0\ucrt\stdio.h(208): note: 'fopen' 선언을 참조하십시오.
c:\users\ryein\onedrive\desktop\github\module_contact_eniac\ex1\db.c(77): warning C4996: 'fopen': This function or variable may be unsafe. Consider using fopen_s instead. To disable deprecation, use _CRT_SECURE_NO_WARNINGS. See online help for details.
  c:\program files (x86)\windows kits\10\include\10.0.17763.0\ucrt\stdio.h(208): note: 'fopen' 선언을 참조하십시오.
c:\users\ryein\onedrive\desktop\github\module_contact_eniac\ex1\db.c(80): warning C4996: 'fscanf': This function or variable may be unsafe. Consider using fscanf_s instead. To disable deprecation, use _CRT_SECURE_NO_WARNINGS. See online help for details.
  c:\program files (x86)\windows kits\10\include\10.0.17763.0\ucrt\stdio.h(1197): note: 'fscanf' 선언을 참조하십시오.
c:\users\ryein\onedrive\desktop\github\module_contact_eniac\ex1\db.c(83): warning C4996: 'scanf': This function or variable may be unsafe. Consider using scanf_s instead. To disable deprecation, use _CRT_SECURE_NO_WARNINGS. See online help for details.
  c:\program files (x86)\windows kits\10\include\10.0.17763.0\ucrt\stdio.h(1274): note: 'scanf' 선언을 참조하십시오.
c:\users\ryein\onedrive\desktop\github\module_contact_eniac\ex1\db.c(91): warning C4996: 'scanf': This function or variable may be unsafe. Consider using scanf_s instead. To disable deprecation, use _CRT_SECURE_NO_WARNINGS. See online help for details.
  c:\program files (x86)\windows kits\10\include\10.0.17763.0\ucrt\stdio.h(1274): note: 'scanf' 선언을 참조하십시오.
c:\users\ryein\onedrive\desktop\github\module_contact_eniac\ex1\db.c(92): warning C4996: 'strcpy': This function or variable may be unsafe. Consider using strcpy_s instead. To disable deprecation, use _CRT_SECURE_NO_WARNINGS. See online help for details.
  c:\program files (x86)\windows kits\10\include\10.0.17763.0\ucrt\string.h(133): note: 'strcpy' 선언을 참조하십시오.
c:\users\ryein\onedrive\desktop\github\module_contact_eniac\ex1\db.c(95): warning C4996: 'scanf': This function or variable may be unsafe. Consider using scanf_s instead. To disable deprecation, use _CRT_SECURE_NO_WARNINGS. See online help for details.
  c:\program files (x86)\windows kits\10\include\10.0.17763.0\ucrt\stdio.h(1274): note: 'scanf' 선언을 참조하십시오.
c:\users\ryein\onedrive\desktop\github\module_contact_eniac\ex1\db.c(96): warning C4996: 'strcpy': This function or variable may be unsafe. Consider using strcpy_s instead. To disable deprecation, use _CRT_SECURE_NO_WARNINGS. See online help for details.
  c:\program files (x86)\windows kits\10\include\10.0.17763.0\ucrt\string.h(133): note: 'strcpy' 선언을 참조하십시오.
c:\users\ryein\onedrive\desktop\github\module_contact_eniac\ex1\db.c(99): warning C4996: 'scanf': This function or variable may be unsafe. Consider using scanf_s instead. To disable deprecation, use _CRT_SECURE_NO_WARNINGS. See online help for details.
  c:\program files (x86)\windows kits\10\include\10.0.17763.0\ucrt\stdio.h(1274): note: 'scanf' 선언을 참조하십시오.
c:\users\ryein\onedrive\desktop\github\module_contact_eniac\ex1\db.c(100): warning C4996: 'strcpy': This function or variable may be unsafe. Consider using strcpy_s instead. To disable deprecation, use _CRT_SECURE_NO_WARNINGS. See online help for details.
  c:\program files (x86)\windows kits\10\include\10.0.17763.0\ucrt\string.h(133): note: 'strcpy' 선언을 참조하십시오.
  ex1.vcxproj -> C:\Users\ryein\OneDrive\Desktop\GitHub\module_contact_eniac\Debug\ex1.exe
